back-end/HopHacks/app/build/intermediates/manifest_merge_blame_file/debug/manifest-merger-blame-debug-report.txt
1<?xml version="1.0" encoding="utf-8"?>
2<manifest xmlns:android="http://schemas.android.com/apk/res/android"
3    package="com.example.hophacks"
4    android:versionCode="1"
5    android:versionName="1.0" >
6
7    <uses-sdk
8        android:minSdkVersion="21"
8-->src/main/AndroidManifest.xml
9        android:targetSdkVersion="31" />
9-->src/main/AndroidManifest.xml
10
11    <!-- Include required permissions for Google Maps API to run. -->
12    <uses-permission android:name="android.permission.ACCESS_NETWORK_STATE" />
12-->[com.google.android.gms:play-services-maps:17.0.1] AndroidManifest.xml:23:5-79
12-->[com.google.android.gms:play-services-maps:17.0.1] AndroidManifest.xml:23:22-76
13    <uses-permission android:name="android.permission.INTERNET" />
13-->[com.google.android.gms:play-services-maps:17.0.1] AndroidManifest.xml:24:5-67
13-->[com.google.android.gms:play-services-maps:17.0.1] AndroidManifest.xml:24:22-64
14
15    <uses-feature
15-->[com.google.android.gms:play-services-maps:17.0.1] AndroidManifest.xml:26:5-28:35
16        android:glEsVersion="0x00020000"
16-->[com.google.android.gms:play-services-maps:17.0.1] AndroidManifest.xml:27:9-41
17        android:required="true" />
17-->[com.google.android.gms:play-services-maps:17.0.1] AndroidManifest.xml:28:9-32
18
19    <queries>
19-->[com.google.android.gms:play-services-maps:17.0.1] AndroidManifest.xml:30:5-34:15
20
21        <!-- Needs to be explicitly declared on Android R+ -->
22        <package android:name="com.google.android.apps.maps" />
22-->[com.google.android.gms:play-services-maps:17.0.1] AndroidManifest.xml:33:9-64
22-->[com.google.android.gms:play-services-maps:17.0.1] AndroidManifest.xml:33:18-61
23    </queries>
24
25    <uses-permission android:name="android.permission.WAKE_LOCK" />
25-->[com.google.android.gms:play-services-measurement-api:19.0.1] AndroidManifest.xml:24:5-68
25-->[com.google.android.gms:play-services-measurement-api:19.0.1] AndroidManifest.xml:24:22-65
26    <uses-permission android:name="com.google.android.finsky.permission.BIND_GET_INSTALL_REFERRER_SERVICE" />
26-->[com.google.android.gms:play-services-measurement:19.0.1] AndroidManifest.xml:26:5-110
26-->[com.google.android.gms:play-services-measurement:19.0.1] AndroidManifest.xml:26:22-107
27
28    <application
28-->src/main/AndroidManifest.xml:5:5-30:19
29        android:allowBackup="true"
29-->src/main/AndroidManifest.xml:6:9-35
30        android:appComponentFactory="androidx.core.app.CoreComponentFactory"
30-->[androidx.core:core:1.5.0] AndroidManifest.xml:24:18-86
31        android:debuggable="true"
32        android:icon="@mipmap/ic_launcher"
32-->src/main/AndroidManifest.xml:7:9-43
33        android:label="@string/app_name"
33-->src/main/AndroidManifest.xml:8:9-41
34        android:roundIcon="@mipmap/ic_launcher_round"
34-->src/main/AndroidManifest.xml:9:9-54
35        android:supportsRtl="true"
35-->src/main/AndroidManifest.xml:10:9-35
36        android:theme="@style/Theme.HopHacks" >
36-->src/main/AndroidManifest.xml:11:9-46
37        <activity
37-->src/main/AndroidManifest.xml:12:9-14:39
38            android:name="com.example.hophacks.Activity2"
38-->src/main/AndroidManifest.xml:13:13-38
39            android:exported="true" />
39-->src/main/AndroidManifest.xml:14:13-36
40        <activity
40-->src/main/AndroidManifest.xml:15:9-25:20
41            android:name="com.example.hophacks.MainActivity"
41-->src/main/AndroidManifest.xml:16:13-41
42            android:exported="true"
42-->src/main/AndroidManifest.xml:17:13-36
43            android:label="@string/app_name"
43-->src/main/AndroidManifest.xml:18:13-45
44            android:theme="@style/Theme.HopHacks.NoActionBar" >
44-->src/main/AndroidManifest.xml:19:13-62
45            <intent-filter>
45-->src/main/AndroidManifest.xml:20:13-24:29
46                <action android:name="android.intent.action.MAIN" />
46-->src/main/AndroidManifest.xml:21:17-69
46-->src/main/AndroidManifest.xml:21:25-66
47
48                <category android:name="android.intent.category.LAUNCHER" />
48-->src/main/AndroidManifest.xml:23:17-77
48-->src/main/AndroidManifest.xml:23:27-74
49            </intent-filter>
50        </activity>
51
52        <meta-data
52-->src/main/AndroidManifest.xml:27:9-29:57
53            android:name="preloaded_fonts"
53-->src/main/AndroidManifest.xml:28:13-43
54            android:resource="@array/preloaded_fonts" />
54-->src/main/AndroidManifest.xml:29:13-54
55        <!-- Needs to be explicitly declared on P+ -->
56        <uses-library
56-->[com.google.android.gms:play-services-maps:17.0.1] AndroidManifest.xml:39:9-41:40
57            android:name="org.apache.http.legacy"
57-->[com.google.android.gms:play-services-maps:17.0.1] AndroidManifest.xml:40:13-50
58            android:required="false" />
58-->[com.google.android.gms:play-services-maps:17.0.1] AndroidManifest.xml:41:13-37
59
60        <service
60-->[com.google.android.gms:play-services-measurement-api:19.0.1] AndroidManifest.xml:27:9-33:19
61            android:name="com.google.firebase.components.ComponentDiscoveryService"
61-->[com.google.android.gms:play-services-measurement-api:19.0.1] AndroidManifest.xml:28:13-84
62            android:directBootAware="true"
62-->[com.google.firebase:firebase-common:20.0.0] AndroidManifest.xml:35:13-43
63            android:exported="false" >
63-->[com.google.android.gms:play-services-measurement-api:19.0.1] AndroidManifest.xml:29:13-37
64            <meta-data
64-->[com.google.android.gms:play-services-measurement-api:19.0.1] AndroidManifest.xml:30:13-32:85
65                android:name="com.google.firebase.components:com.google.firebase.analytics.connector.internal.AnalyticsConnectorRegistrar"
65-->[com.google.android.gms:play-services-measurement-api:19.0.1] AndroidManifest.xml:31:17-139
66                android:value="com.google.firebase.components.ComponentRegistrar" />
66-->[com.google.android.gms:play-services-measurement-api:19.0.1] AndroidManifest.xml:32:17-82
67            <meta-data
67-->[com.google.firebase:firebase-installations:17.0.0] AndroidManifest.xml:18:13-20:85
68                android:name="com.google.firebase.components:com.google.firebase.installations.FirebaseInstallationsRegistrar"
68-->[com.google.firebase:firebase-installations:17.0.0] AndroidManifest.xml:19:17-127
69                android:value="com.google.firebase.components.ComponentRegistrar" />
69-->[com.google.firebase:firebase-installations:17.0.0] AndroidManifest.xml:20:17-82
70        </service>
71
72        <provider
72-->[com.google.firebase:firebase-common:20.0.0] AndroidManifest.xml:26:9-31:39
73            android:name="com.google.firebase.provider.FirebaseInitProvider"
73-->[com.google.firebase:firebase-common:20.0.0] AndroidManifest.xml:27:13-77
74            android:authorities="com.example.hophacks.firebaseinitprovider"
74-->[com.google.firebase:firebase-common:20.0.0] AndroidManifest.xml:28:13-72
75            android:directBootAware="true"
75-->[com.google.firebase:firebase-common:20.0.0] AndroidManifest.xml:29:13-43
76            android:exported="false"
76-->[com.google.firebase:firebase-common:20.0.0] AndroidManifest.xml:30:13-37
77            android:initOrder="100" />
77-->[com.google.firebase:firebase-common:20.0.0] AndroidManifest.xml:31:13-36
78
79        <activity
79-->[com.google.android.gms:play-services-base:17.0.0] AndroidManifest.xml:23:9-26:75
80            android:name="com.google.android.gms.common.api.GoogleApiActivity"
80-->[com.google.android.gms:play-services-base:17.0.0] AndroidManifest.xml:24:13-79
81            android:exported="false"
81-->[com.google.android.gms:play-services-base:17.0.0] AndroidManifest.xml:25:13-37
82            android:theme="@android:style/Theme.Translucent.NoTitleBar" />
82-->[com.google.android.gms:play-services-base:17.0.0] AndroidManifest.xml:26:13-72
83
84        <receiver
84-->[com.google.android.gms:play-services-measurement:19.0.1] AndroidManifest.xml:29:9-33:20
85            android:name="com.google.android.gms.measurement.AppMeasurementReceiver"
85-->[com.google.android.gms:play-services-measurement:19.0.1] AndroidManifest.xml:30:13-85
86            android:enabled="true"
86-->[com.google.android.gms:play-services-measurement:19.0.1] AndroidManifest.xml:31:13-35
87            android:exported="false" >
87-->[com.google.android.gms:play-services-measurement:19.0.1] AndroidManifest.xml:32:13-37
88        </receiver>
89
90        <service
90-->[com.google.android.gms:play-services-measurement:19.0.1] AndroidManifest.xml:35:9-38:40
91            android:name="com.google.android.gms.measurement.AppMeasurementService"
91-->[com.google.android.gms:play-services-measurement:19.0.1] AndroidManifest.xml:36:13-84
92            android:enabled="true"
92-->[com.google.android.gms:play-services-measurement:19.0.1] AndroidManifest.xml:37:13-35
93            android:exported="false" />
93-->[com.google.android.gms:play-services-measurement:19.0.1] AndroidManifest.xml:38:13-37
94        <service
94-->[com.google.android.gms:play-services-measurement:19.0.1] AndroidManifest.xml:39:9-43:72
95            android:name="com.google.android.gms.measurement.AppMeasurementJobService"
95-->[com.google.android.gms:play-services-measurement:19.0.1] AndroidManifest.xml:40:13-87
96            android:enabled="true"
96-->[com.google.android.gms:play-services-measurement:19.0.1] AndroidManifest.xml:41:13-35
97            android:exported="false"
97-->[com.google.android.gms:play-services-measurement:19.0.1] AndroidManifest.xml:42:13-37
98            android:permission="android.permission.BIND_JOB_SERVICE" />
98-->[com.google.android.gms:play-services-measurement:19.0.1] AndroidManifest.xml:43:13-69
99
100        <meta-data
100-->[com.google.android.gms:play-services-basement:17.0.0] AndroidManifest.xml:23:9-25:69
101            android:name="com.google.android.gms.version"
101-->[com.google.android.gms:play-services-basement:17.0.0] AndroidManifest.xml:24:13-58
102            android:value="@integer/google_play_services_version" />
102-->[com.google.android.gms:play-services-basement:17.0.0] AndroidManifest.xml:25:13-66
103    </application>
104
105</manifest>